[20240205 18:44:19:087][INFO ][com.example.demo.DemoApplication] Starting DemoApplication using Java 21.0.1 with PID 3040 (C:\Users\DY\Desktop\likelion-techit\javascript-java\target\classes started by DY in C:\Users\DY\Desktop\likelion-techit\javascript-java)
[20240205 18:44:19:089][INFO ][com.example.demo.DemoApplication] No active profile set, falling back to 1 default profile: "default"
[20240205 18:44:19:154][INFO ][o.s.b.d.e.DevToolsPropertyDefaultsPostProcessor] Devtools property defaults active! Set 'spring.devtools.add-properties' to 'false' to disable
[20240205 18:44:19:155][INFO ][o.s.b.d.e.DevToolsPropertyDefaultsPostProcessor] For additional web related logging consider setting the 'logging.level.web' property to 'DEBUG'
[20240205 18:44:20:643][INFO ][o.s.b.w.embedded.tomcat.TomcatWebServer] Tomcat initialized with port 4242 (http)
[20240205 18:44:20:654][INFO ][o.apache.coyote.http11.Http11NioProtocol] Initializing ProtocolHandler ["http-nio-4242"]
[20240205 18:44:20:656][INFO ][o.apache.catalina.core.StandardService] Starting service [Tomcat]
[20240205 18:44:20:656][INFO ][org.apache.catalina.core.StandardEngine] Starting Servlet engine: [Apache Tomcat/10.1.16]
[20240205 18:44:20:726][INFO ][o.a.c.c.C.[Tomcat].[localhost].[/]] Initializing Spring embedded WebApplicationContext
[20240205 18:44:20:726][INFO ][o.s.b.w.s.c.ServletWebServerApplicationContext] Root WebApplicationContext: initialization completed in 1570 ms
[20240205 18:44:21:259][INFO ][o.s.b.d.a.OptionalLiveReloadServer] LiveReload server is running on port 35729
[20240205 18:44:21:277][INFO ][o.apache.coyote.http11.Http11NioProtocol] Starting ProtocolHandler ["http-nio-4242"]
[20240205 18:44:21:305][INFO ][o.s.b.w.embedded.tomcat.TomcatWebServer] Tomcat started on port 4242 (http) with context path ''
[20240205 18:44:21:313][INFO ][com.example.demo.DemoApplication] Started DemoApplication in 3.04 seconds (process running for 4.102)
[20240205 18:46:27:167][INFO ][com.example.demo.DemoApplication] Starting DemoApplication using Java 21.0.1 with PID 11412 (C:\Users\DY\Desktop\likelion-techit\javascript-java\target\classes started by DY in C:\Users\DY\Desktop\likelion-techit\javascript-java)
[20240205 18:46:27:169][INFO ][com.example.demo.DemoApplication] No active profile set, falling back to 1 default profile: "default"
[20240205 18:46:27:234][INFO ][o.s.b.d.e.DevToolsPropertyDefaultsPostProcessor] Devtools property defaults active! Set 'spring.devtools.add-properties' to 'false' to disable
[20240205 18:46:27:235][INFO ][o.s.b.d.e.DevToolsPropertyDefaultsPostProcessor] For additional web related logging consider setting the 'logging.level.web' property to 'DEBUG'
[20240205 18:46:28:588][INFO ][o.s.b.w.embedded.tomcat.TomcatWebServer] Tomcat initialized with port 4242 (http)
[20240205 18:46:28:598][INFO ][o.apache.coyote.http11.Http11NioProtocol] Initializing ProtocolHandler ["http-nio-4242"]
[20240205 18:46:28:601][INFO ][o.apache.catalina.core.StandardService] Starting service [Tomcat]
[20240205 18:46:28:602][INFO ][org.apache.catalina.core.StandardEngine] Starting Servlet engine: [Apache Tomcat/10.1.16]
[20240205 18:46:28:673][INFO ][o.a.c.c.C.[Tomcat].[localhost].[/]] Initializing Spring embedded WebApplicationContext
[20240205 18:46:28:674][INFO ][o.s.b.w.s.c.ServletWebServerApplicationContext] Root WebApplicationContext: initialization completed in 1439 ms
[20240205 18:46:29:210][INFO ][o.s.b.d.a.OptionalLiveReloadServer] LiveReload server is running on port 35729
[20240205 18:46:29:234][INFO ][o.apache.coyote.http11.Http11NioProtocol] Starting ProtocolHandler ["http-nio-4242"]
[20240205 18:46:29:263][INFO ][o.s.b.w.embedded.tomcat.TomcatWebServer] Tomcat started on port 4242 (http) with context path ''
[20240205 18:46:29:273][INFO ][com.example.demo.DemoApplication] Started DemoApplication in 2.864 seconds (process running for 3.812)
[20240205 18:46:33:949][INFO ][o.a.c.c.C.[Tomcat].[localhost].[/]] Initializing Spring DispatcherServlet 'dispatcherServlet'
[20240205 18:46:33:950][INFO ][o.s.web.servlet.DispatcherServlet] Initializing Servlet 'dispatcherServlet'
[20240205 18:46:33:952][INFO ][o.s.web.servlet.DispatcherServlet] Completed initialization in 1 ms
